Performing C SOURCE FILE Test CMAKE_HAVE_LIBC_PTHREAD failed with the following output:
Change Dir: /home/xuy-kenbio/UbuntuCode/RM-code-hikrobot-camera/Baldr-main/build/CMakeFiles/CMakeScratch/TryCompile-sl9Hku

Run Build Command(s):/usr/bin/make -f Makefile cmTC_16fda/fast && /usr/bin/make  -f CMakeFiles/cmTC_16fda.dir/build.make CMakeFiles/cmTC_16fda.dir/build
make[1]: Entering directory '/home/xuy-kenbio/UbuntuCode/RM-code-hikrobot-camera/Baldr-main/build/CMakeFiles/CMakeScratch/TryCompile-sl9Hku'
Building C object CMakeFiles/cmTC_16fda.dir/src.c.o
/usr/bin/cc -DCMAKE_HAVE_LIBC_PTHREAD   -o CMakeFiles/cmTC_16fda.dir/src.c.o -c /home/xuy-kenbio/UbuntuCode/RM-code-hikrobot-camera/Baldr-main/build/CMakeFiles/CMakeScratch/TryCompile-sl9Hku/src.c
Linking C executable cmTC_16fda
/home/xuy-kenbio/.local/lib/python3.8/site-packages/cmake/data/bin/cmake -E cmake_link_script CMakeFiles/cmTC_16fda.dir/link.txt --verbose=1
/usr/bin/cc CMakeFiles/cmTC_16fda.dir/src.c.o -o cmTC_16fda 
/usr/bin/ld: CMakeFiles/cmTC_16fda.dir/src.c.o: in function `main':
src.c:(.text+0x46): undefined reference to `pthread_create'
/usr/bin/ld: src.c:(.text+0x52): undefined reference to `pthread_detach'
/usr/bin/ld: src.c:(.text+0x5e): undefined reference to `pthread_cancel'
/usr/bin/ld: src.c:(.text+0x6f): undefined reference to `pthread_join'
collect2: error: ld returned 1 exit status
make[1]: *** [CMakeFiles/cmTC_16fda.dir/build.make:99: cmTC_16fda] Error 1
make[1]: Leaving directory '/home/xuy-kenbio/UbuntuCode/RM-code-hikrobot-camera/Baldr-main/build/CMakeFiles/CMakeScratch/TryCompile-sl9Hku'
make: *** [Makefile:127: cmTC_16fda/fast] Error 2


Source file was:
#include <pthread.h>

static void* test_func(void* data)
{
  return data;
}

int main(void)
{
  pthread_t thread;
  pthread_create(&thread, NULL, test_func, NULL);
  pthread_detach(thread);
  pthread_cancel(thread);
  pthread_join(thread, NULL);
  pthread_atfork(NULL, NULL, NULL);
  pthread_exit(NULL);

  return 0;
}


Determining if the function pthread_create exists in the pthreads failed with the following output:
Change Dir: /home/xuy-kenbio/UbuntuCode/RM-code-hikrobot-camera/Baldr-main/build/CMakeFiles/CMakeScratch/TryCompile-Iw5Cgu

Run Build Command(s):/usr/bin/make -f Makefile cmTC_9384d/fast && /usr/bin/make  -f CMakeFiles/cmTC_9384d.dir/build.make CMakeFiles/cmTC_9384d.dir/build
make[1]: Entering directory '/home/xuy-kenbio/UbuntuCode/RM-code-hikrobot-camera/Baldr-main/build/CMakeFiles/CMakeScratch/TryCompile-Iw5Cgu'
Building C object CMakeFiles/cmTC_9384d.dir/CheckFunctionExists.c.o
/usr/bin/cc   -DCHECK_FUNCTION_EXISTS=pthread_create -o CMakeFiles/cmTC_9384d.dir/CheckFunctionExists.c.o -c /home/xuy-kenbio/UbuntuCode/RM-code-hikrobot-camera/Baldr-main/build/CMakeFiles/CMakeScratch/TryCompile-Iw5Cgu/CheckFunctionExists.c
Linking C executable cmTC_9384d
/home/xuy-kenbio/.local/lib/python3.8/site-packages/cmake/data/bin/cmake -E cmake_link_script CMakeFiles/cmTC_9384d.dir/link.txt --verbose=1
/usr/bin/cc  -DCHECK_FUNCTION_EXISTS=pthread_create CMakeFiles/cmTC_9384d.dir/CheckFunctionExists.c.o -o cmTC_9384d  -lpthreads 
/usr/bin/ld: cannot find -lpthreads
collect2: error: ld returned 1 exit status
make[1]: *** [CMakeFiles/cmTC_9384d.dir/build.make:99: cmTC_9384d] Error 1
make[1]: Leaving directory '/home/xuy-kenbio/UbuntuCode/RM-code-hikrobot-camera/Baldr-main/build/CMakeFiles/CMakeScratch/TryCompile-Iw5Cgu'
make: *** [Makefile:127: cmTC_9384d/fast] Error 2



